<?xml version="1.0" encoding="UTF-8"?>
<testsuite name="com.majorproject.model.queries.pastebin.OutputOfflineTest" tests="1" skipped="0" failures="0" errors="0" timestamp="2022-06-16T15:35:25" hostname="am.local" time="0.0">
  <properties/>
  <testcase name="postPaste()" classname="com.majorproject.model.queries.pastebin.OutputOfflineTest" time="0.0"/>
  <system-out><![CDATA[]]></system-out>
  <system-err><![CDATA[]]></system-err>
</testsuite>
