<?xml version="1.0" encoding="UTF-8"?>
<testsuite name="com.majorproject.model.queries.currencyscoop.InputOfflineTest" tests="2" skipped="0" failures="0" errors="0" timestamp="2022-06-16T15:35:20" hostname="am.local" time="0.046">
  <properties/>
  <testcase name="getCurrencies()" classname="com.majorproject.model.queries.currencyscoop.InputOfflineTest" time="0.045"/>
  <testcase name="getConvert()" classname="com.majorproject.model.queries.currencyscoop.InputOfflineTest" time="0.0"/>
  <system-out><![CDATA[]]></system-out>
  <system-err><![CDATA[]]></system-err>
</testsuite>
