<?xml version="1.0" encoding="UTF-8"?>
<testsuite name="com.majorproject.model.queries.pastebin.OutputOnlineTest" tests="1" skipped="0" failures="0" errors="0" timestamp="2022-06-16T15:35:25" hostname="am.local" time="1.413">
  <properties/>
  <testcase name="postPaste1()" classname="com.majorproject.model.queries.pastebin.OutputOnlineTest" time="1.413"/>
  <system-out><![CDATA[]]></system-out>
  <system-err><![CDATA[]]></system-err>
</testsuite>
